Traceback (most recent call last):
  File "/projects/bgmp/bmeluch/bioinfo/Bi623/PS/PS1/RBH.py", line 93, in <module>
    h_best_hits: dict = best_hit_filter(h_sort_path)
  File "/projects/bgmp/bmeluch/bioinfo/Bi623/PS/PS1/RBH.py", line 60, in best_hit_filter
    best_hits[protid][2] = True
TypeError: 'tuple' object does not support item assignment
Command exited with non-zero status 1
	Command being timed: "/projects/bgmp/bmeluch/bioinfo/Bi623/PS/PS1/RBH.py"
	User time (seconds): 0.13
	System time (seconds): 0.03
	Percent of CPU this job got: 56%
	Elapsed (wall clock) time (h:mm:ss or m:ss): 0:00.30
	Average shared text size (kbytes): 0
	Average unshared data size (kbytes): 0
	Average stack size (kbytes): 0
	Average total size (kbytes): 0
	Maximum resident set size (kbytes): 60824
	Average resident set size (kbytes): 0
	Major (requiring I/O) page faults: 0
	Minor (reclaiming a frame) page faults: 13451
	Voluntary context switches: 38
	Involuntary context switches: 0
	Swaps: 0
	File system inputs: 0
	File system outputs: 0
	Socket messages sent: 0
	Socket messages received: 0
	Signals delivered: 0
	Page size (bytes): 4096
	Exit status: 1
