Traceback (most recent call last):
  File "/projects/bgmp/bmeluch/bioinfo/Bi623/PS/PS1/RBH.py", line 134, in <module>
    tsv.write(human_lookup[k][0]+'\t'+
KeyError: 'ENSP00000394163'
Command exited with non-zero status 1
	Command being timed: "/projects/bgmp/bmeluch/bioinfo/Bi623/PS/PS1/RBH.py"
	User time (seconds): 2.59
	System time (seconds): 0.14
	Percent of CPU this job got: 96%
	Elapsed (wall clock) time (h:mm:ss or m:ss): 0:02.84
	Average shared text size (kbytes): 0
	Average unshared data size (kbytes): 0
	Average stack size (kbytes): 0
	Average total size (kbytes): 0
	Maximum resident set size (kbytes): 73588
	Average resident set size (kbytes): 0
	Major (requiring I/O) page faults: 0
	Minor (reclaiming a frame) page faults: 30608
	Voluntary context switches: 58
	Involuntary context switches: 5
	Swaps: 0
	File system inputs: 0
	File system outputs: 0
	Socket messages sent: 0
	Socket messages received: 0
	Signals delivered: 0
	Page size (bytes): 4096
	Exit status: 1
